{"F:\\Mark\\Tests\\Helm\\SchedulingService\\src\\server.ts": {"path":"F:\\Mark\\Tests\\Helm\\SchedulingService\\src\\server.ts","statementMap":{"0":{"start":{"line":1,"column":0},"end":{"line":1,"column":42}},"1":{"start":{"line":2,"column":0},"end":{"line":2,"column":32}},"2":{"start":{"line":3,"column":0},"end":{"line":3,"column":42}},"3":{"start":{"line":5,"column":0},"end":{"line":5,"column":38}},"4":{"start":{"line":6,"column":0},"end":{"line":6,"column":40}},"5":{"start":{"line":8,"column":13},"end":{"line":8,"column":null}},"6":{"start":{"line":10,"column":0},"end":{"line":10,"column":null}},"7":{"start":{"line":11,"column":0},"end":{"line":11,"column":null}},"8":{"start":{"line":12,"column":0},"end":{"line":12,"column":null}},"9":{"start":{"line":13,"column":0},"end":{"line":13,"column":null}},"10":{"start":{"line":15,"column":16},"end":{"line":15,"column":67}},"11":{"start":{"line":16,"column":30},"end":{"line":16,"column":54}},"12":{"start":{"line":18,"column":0},"end":{"line":18,"column":null}},"13":{"start":{"line":20,"column":0},"end":{"line":30,"column":null}},"14":{"start":{"line":22,"column":2},"end":{"line":22,"column":null}},"15":{"start":{"line":23,"column":2},"end":{"line":25,"column":null}},"16":{"start":{"line":24,"column":4},"end":{"line":24,"column":null}},"17":{"start":{"line":28,"column":2},"end":{"line":28,"column":null}},"18":{"start":{"line":29,"column":2},"end":{"line":29,"column":null}}},"fnMap":{"0":{"name":"(anonymous_1)","decl":{"start":{"line":21,"column":6},"end":{"line":21,"column":9}},"loc":{"start":{"line":21,"column":11},"end":{"line":26,"column":1}}},"1":{"name":"(anonymous_2)","decl":{"start":{"line":23,"column":19},"end":{"line":23,"column":22}},"loc":{"start":{"line":23,"column":24},"end":{"line":25,"column":3}}},"2":{"name":"(anonymous_3)","decl":{"start":{"line":27,"column":7},"end":{"line":27,"column":10}},"loc":{"start":{"line":27,"column":13},"end":{"line":30,"column":1}}}},"branchMap":{"0":{"loc":{"start":{"line":16,"column":30},"end":{"line":16,"column":54}},"type":"binary-expr","locations":[{"start":{"line":16,"column":30},"end":{"line":16,"column":46}},{"start":{"line":16,"column":50},"end":{"line":16,"column":54}}]}},"s":{"0":1,"1":1,"2":1,"3":1,"4":1,"5":1,"6":1,"7":1,"8":1,"9":1,"10":1,"11":1,"12":1,"13":1,"14":1,"15":1,"16":1,"17":0,"18":0},"f":{"0":1,"1":1,"2":0},"b":{"0":[1,1]}}
,"F:\\Mark\\Tests\\Helm\\SchedulingService\\src\\config\\db.config.ts": {"path":"F:\\Mark\\Tests\\Helm\\SchedulingService\\src\\config\\db.config.ts","statementMap":{"0":{"start":{"line":1,"column":13},"end":{"line":1,"column":null}}},"fnMap":{},"branchMap":{},"s":{"0":1},"f":{},"b":{}}
,"F:\\Mark\\Tests\\Helm\\SchedulingService\\src\\controllers\\event.ts": {"path":"F:\\Mark\\Tests\\Helm\\SchedulingService\\src\\controllers\\event.ts","statementMap":{"0":{"start":{"line":2,"column":0},"end":{"line":2,"column":31}},"1":{"start":{"line":5,"column":0},"end":{"line":5,"column":35}},"2":{"start":{"line":7,"column":15},"end":{"line":24,"column":null}},"3":{"start":{"line":7,"column":68},"end":{"line":24,"column":null}},"4":{"start":{"line":8,"column":48},"end":{"line":8,"column":56}},"5":{"start":{"line":9,"column":24},"end":{"line":14,"column":4}},"6":{"start":{"line":16,"column":2},"end":{"line":23,"column":null}},"7":{"start":{"line":17,"column":29},"end":{"line":17,"column":47}},"8":{"start":{"line":18,"column":4},"end":{"line":18,"column":null}},"9":{"start":{"line":20,"column":4},"end":{"line":22,"column":null}},"10":{"start":{"line":244,"column":9},"end":{"line":244,"column":15}},"11":{"start":{"line":26,"column":16},"end":{"line":63,"column":null}},"12":{"start":{"line":26,"column":69},"end":{"line":63,"column":null}},"13":{"start":{"line":27,"column":46},"end":{"line":27,"column":55}},"14":{"start":{"line":28,"column":21},"end":{"line":28,"column":29}},"15":{"start":{"line":29,"column":37},"end":{"line":29,"column":39}},"16":{"start":{"line":31,"column":2},"end":{"line":31,"column":null}},"17":{"start":{"line":31,"column":11},"end":{"line":31,"column":null}},"18":{"start":{"line":32,"column":2},"end":{"line":32,"column":null}},"19":{"start":{"line":32,"column":9},"end":{"line":32,"column":null}},"20":{"start":{"line":33,"column":2},"end":{"line":33,"column":null}},"21":{"start":{"line":33,"column":13},"end":{"line":33,"column":null}},"22":{"start":{"line":34,"column":2},"end":{"line":34,"column":null}},"23":{"start":{"line":34,"column":20},"end":{"line":34,"column":null}},"24":{"start":{"line":36,"column":21},"end":{"line":36,"column":23}},"25":{"start":{"line":37,"column":2},"end":{"line":41,"column":null}},"26":{"start":{"line":38,"column":4},"end":{"line":40,"column":null}},"27":{"start":{"line":43,"column":2},"end":{"line":62,"column":null}},"28":{"start":{"line":45,"column":4},"end":{"line":56,"column":null}},"29":{"start":{"line":46,"column":6},"end":{"line":53,"column":null}},"30":{"start":{"line":55,"column":6},"end":{"line":55,"column":null}},"31":{"start":{"line":57,"column":4},"end":{"line":57,"column":null}},"32":{"start":{"line":59,"column":4},"end":{"line":61,"column":null}},"33":{"start":{"line":244,"column":17},"end":{"line":244,"column":24}},"34":{"start":{"line":66,"column":16},"end":{"line":93,"column":2}},"35":{"start":{"line":66,"column":69},"end":{"line":93,"column":2}},"36":{"start":{"line":67,"column":14},"end":{"line":67,"column":27}},"37":{"start":{"line":68,"column":21},"end":{"line":68,"column":29}},"38":{"start":{"line":69,"column":2},"end":{"line":92,"column":null}},"39":{"start":{"line":71,"column":4},"end":{"line":82,"column":null}},"40":{"start":{"line":72,"column":6},"end":{"line":79,"column":null}},"41":{"start":{"line":81,"column":6},"end":{"line":81,"column":null}},"42":{"start":{"line":83,"column":4},"end":{"line":87,"column":null}},"43":{"start":{"line":84,"column":6},"end":{"line":84,"column":null}},"44":{"start":{"line":86,"column":6},"end":{"line":86,"column":null}},"45":{"start":{"line":89,"column":4},"end":{"line":91,"column":null}},"46":{"start":{"line":244,"column":26},"end":{"line":244,"column":33}},"47":{"start":{"line":96,"column":15},"end":{"line":114,"column":2}},"48":{"start":{"line":96,"column":68},"end":{"line":114,"column":2}},"49":{"start":{"line":97,"column":13},"end":{"line":97,"column":26}},"50":{"start":{"line":98,"column":2},"end":{"line":113,"column":null}},"51":{"start":{"line":99,"column":40},"end":{"line":99,"column":110}},"52":{"start":{"line":100,"column":4},"end":{"line":108,"column":null}},"53":{"start":{"line":101,"column":6},"end":{"line":103,"column":9}},"54":{"start":{"line":105,"column":6},"end":{"line":107,"column":null}},"55":{"start":{"line":110,"column":4},"end":{"line":112,"column":7}},"56":{"start":{"line":244,"column":35},"end":{"line":244,"column":41}},"57":{"start":{"line":117,"column":24},"end":{"line":142,"column":2}},"58":{"start":{"line":117,"column":77},"end":{"line":142,"column":2}},"59":{"start":{"line":118,"column":13},"end":{"line":118,"column":26}},"60":{"start":{"line":119,"column":23},"end":{"line":119,"column":31}},"61":{"start":{"line":121,"column":2},"end":{"line":141,"column":null}},"62":{"start":{"line":122,"column":23},"end":{"line":124,"column":null}},"63":{"start":{"line":127,"column":4},"end":{"line":136,"column":null}},"64":{"start":{"line":128,"column":6},"end":{"line":130,"column":9}},"65":{"start":{"line":132,"column":6},"end":{"line":135,"column":null}},"66":{"start":{"line":138,"column":4},"end":{"line":140,"column":7}},"67":{"start":{"line":244,"column":65},"end":{"line":244,"column":80}},"68":{"start":{"line":146,"column":27},"end":{"line":171,"column":2}},"69":{"start":{"line":146,"column":80},"end":{"line":171,"column":2}},"70":{"start":{"line":147,"column":13},"end":{"line":147,"column":26}},"71":{"start":{"line":148,"column":23},"end":{"line":148,"column":31}},"72":{"start":{"line":150,"column":2},"end":{"line":170,"column":null}},"73":{"start":{"line":151,"column":23},"end":{"line":153,"column":null}},"74":{"start":{"line":156,"column":4},"end":{"line":165,"column":null}},"75":{"start":{"line":157,"column":6},"end":{"line":159,"column":9}},"76":{"start":{"line":161,"column":6},"end":{"line":164,"column":null}},"77":{"start":{"line":167,"column":4},"end":{"line":169,"column":7}},"78":{"start":{"line":244,"column":104},"end":{"line":244,"column":122}},"79":{"start":{"line":174,"column":29},"end":{"line":207,"column":null}},"80":{"start":{"line":174,"column":82},"end":{"line":207,"column":null}},"81":{"start":{"line":175,"column":13},"end":{"line":175,"column":26}},"82":{"start":{"line":176,"column":51},"end":{"line":176,"column":59}},"83":{"start":{"line":177,"column":2},"end":{"line":181,"column":null}},"84":{"start":{"line":178,"column":4},"end":{"line":180,"column":null}},"85":{"start":{"line":183,"column":2},"end":{"line":206,"column":null}},"86":{"start":{"line":184,"column":19},"end":{"line":190,"column":null}},"87":{"start":{"line":192,"column":4},"end":{"line":201,"column":null}},"88":{"start":{"line":193,"column":6},"end":{"line":195,"column":9}},"89":{"start":{"line":197,"column":6},"end":{"line":200,"column":null}},"90":{"start":{"line":203,"column":4},"end":{"line":205,"column":null}},"91":{"start":{"line":244,"column":82},"end":{"line":244,"column":102}},"92":{"start":{"line":210,"column":18},"end":{"line":228,"column":2}},"93":{"start":{"line":210,"column":71},"end":{"line":228,"column":2}},"94":{"start":{"line":211,"column":13},"end":{"line":211,"column":26}},"95":{"start":{"line":212,"column":2},"end":{"line":227,"column":null}},"96":{"start":{"line":213,"column":40},"end":{"line":213,"column":73}},"97":{"start":{"line":214,"column":4},"end":{"line":222,"column":null}},"98":{"start":{"line":215,"column":6},"end":{"line":217,"column":9}},"99":{"start":{"line":219,"column":6},"end":{"line":221,"column":null}},"100":{"start":{"line":224,"column":4},"end":{"line":226,"column":7}},"101":{"start":{"line":244,"column":43},"end":{"line":244,"column":52}},"102":{"start":{"line":231,"column":18},"end":{"line":242,"column":2}},"103":{"start":{"line":231,"column":71},"end":{"line":242,"column":2}},"104":{"start":{"line":232,"column":2},"end":{"line":241,"column":null}},"105":{"start":{"line":233,"column":31},"end":{"line":233,"column":57}},"106":{"start":{"line":234,"column":4},"end":{"line":236,"column":null}},"107":{"start":{"line":238,"column":4},"end":{"line":240,"column":7}},"108":{"start":{"line":244,"column":54},"end":{"line":244,"column":63}}},"fnMap":{"0":{"name":"(anonymous_8)","decl":{"start":{"line":7,"column":15},"end":{"line":7,"column":22}},"loc":{"start":{"line":7,"column":68},"end":{"line":24,"column":null}}},"1":{"name":"(anonymous_9)","decl":{"start":{"line":7,"column":68},"end":{"line":7,"column":null}},"loc":{"start":{"line":7,"column":68},"end":{"line":24,"column":1}}},"2":{"name":"(anonymous_10)","decl":{"start":{"line":26,"column":16},"end":{"line":26,"column":23}},"loc":{"start":{"line":26,"column":69},"end":{"line":63,"column":null}}},"3":{"name":"(anonymous_11)","decl":{"start":{"line":26,"column":69},"end":{"line":26,"column":null}},"loc":{"start":{"line":26,"column":69},"end":{"line":63,"column":1}}},"4":{"name":"(anonymous_12)","decl":{"start":{"line":66,"column":16},"end":{"line":66,"column":23}},"loc":{"start":{"line":66,"column":69},"end":{"line":93,"column":2}}},"5":{"name":"(anonymous_13)","decl":{"start":{"line":66,"column":69},"end":{"line":66,"column":null}},"loc":{"start":{"line":66,"column":69},"end":{"line":93,"column":1}}},"6":{"name":"(anonymous_14)","decl":{"start":{"line":96,"column":15},"end":{"line":96,"column":22}},"loc":{"start":{"line":96,"column":68},"end":{"line":114,"column":2}}},"7":{"name":"(anonymous_15)","decl":{"start":{"line":96,"column":68},"end":{"line":96,"column":null}},"loc":{"start":{"line":96,"column":68},"end":{"line":114,"column":1}}},"8":{"name":"(anonymous_16)","decl":{"start":{"line":117,"column":24},"end":{"line":117,"column":31}},"loc":{"start":{"line":117,"column":77},"end":{"line":142,"column":2}}},"9":{"name":"(anonymous_17)","decl":{"start":{"line":117,"column":77},"end":{"line":117,"column":null}},"loc":{"start":{"line":117,"column":77},"end":{"line":142,"column":1}}},"10":{"name":"(anonymous_18)","decl":{"start":{"line":146,"column":27},"end":{"line":146,"column":34}},"loc":{"start":{"line":146,"column":80},"end":{"line":171,"column":2}}},"11":{"name":"(anonymous_19)","decl":{"start":{"line":146,"column":80},"end":{"line":146,"column":null}},"loc":{"start":{"line":146,"column":80},"end":{"line":171,"column":1}}},"12":{"name":"(anonymous_20)","decl":{"start":{"line":174,"column":29},"end":{"line":174,"column":36}},"loc":{"start":{"line":174,"column":82},"end":{"line":207,"column":null}}},"13":{"name":"(anonymous_21)","decl":{"start":{"line":174,"column":82},"end":{"line":174,"column":null}},"loc":{"start":{"line":174,"column":82},"end":{"line":207,"column":1}}},"14":{"name":"(anonymous_22)","decl":{"start":{"line":210,"column":18},"end":{"line":210,"column":25}},"loc":{"start":{"line":210,"column":71},"end":{"line":228,"column":2}}},"15":{"name":"(anonymous_23)","decl":{"start":{"line":210,"column":71},"end":{"line":210,"column":null}},"loc":{"start":{"line":210,"column":71},"end":{"line":228,"column":1}}},"16":{"name":"(anonymous_24)","decl":{"start":{"line":231,"column":18},"end":{"line":231,"column":25}},"loc":{"start":{"line":231,"column":71},"end":{"line":242,"column":2}}},"17":{"name":"(anonymous_25)","decl":{"start":{"line":231,"column":71},"end":{"line":231,"column":null}},"loc":{"start":{"line":231,"column":71},"end":{"line":242,"column":1}}}},"branchMap":{"0":{"loc":{"start":{"line":21,"column":15},"end":{"line":21,"column":70}},"type":"binary-expr","locations":[{"start":{"line":21,"column":15},"end":{"line":21,"column":20}},{"start":{"line":21,"column":24},"end":{"line":21,"column":70}}]},"1":{"loc":{"start":{"line":31,"column":2},"end":{"line":31,"column":null}},"type":"if","locations":[{"start":{"line":31,"column":2},"end":{"line":31,"column":null}}]},"2":{"loc":{"start":{"line":32,"column":2},"end":{"line":32,"column":null}},"type":"if","locations":[{"start":{"line":32,"column":2},"end":{"line":32,"column":null}}]},"3":{"loc":{"start":{"line":33,"column":2},"end":{"line":33,"column":null}},"type":"if","locations":[{"start":{"line":33,"column":2},"end":{"line":33,"column":null}}]},"4":{"loc":{"start":{"line":34,"column":2},"end":{"line":34,"column":null}},"type":"if","locations":[{"start":{"line":34,"column":2},"end":{"line":34,"column":null}}]},"5":{"loc":{"start":{"line":37,"column":2},"end":{"line":41,"column":null}},"type":"if","locations":[{"start":{"line":37,"column":2},"end":{"line":41,"column":null}}]},"6":{"loc":{"start":{"line":45,"column":4},"end":{"line":56,"column":null}},"type":"if","locations":[{"start":{"line":45,"column":4},"end":{"line":56,"column":null}},{"start":{"line":54,"column":11},"end":{"line":56,"column":null}}]},"7":{"loc":{"start":{"line":60,"column":15},"end":{"line":60,"column":69}},"type":"binary-expr","locations":[{"start":{"line":60,"column":15},"end":{"line":60,"column":20}},{"start":{"line":60,"column":24},"end":{"line":60,"column":69}}]},"8":{"loc":{"start":{"line":71,"column":4},"end":{"line":82,"column":null}},"type":"if","locations":[{"start":{"line":71,"column":4},"end":{"line":82,"column":null}},{"start":{"line":80,"column":11},"end":{"line":82,"column":null}}]},"9":{"loc":{"start":{"line":83,"column":4},"end":{"line":87,"column":null}},"type":"if","locations":[{"start":{"line":83,"column":4},"end":{"line":87,"column":null}},{"start":{"line":85,"column":11},"end":{"line":87,"column":null}}]},"10":{"loc":{"start":{"line":100,"column":4},"end":{"line":108,"column":null}},"type":"if","locations":[{"start":{"line":100,"column":4},"end":{"line":108,"column":null}},{"start":{"line":104,"column":11},"end":{"line":108,"column":null}}]},"11":{"loc":{"start":{"line":127,"column":4},"end":{"line":136,"column":null}},"type":"if","locations":[{"start":{"line":127,"column":4},"end":{"line":136,"column":null}},{"start":{"line":131,"column":11},"end":{"line":136,"column":null}}]},"12":{"loc":{"start":{"line":156,"column":4},"end":{"line":165,"column":null}},"type":"if","locations":[{"start":{"line":156,"column":4},"end":{"line":165,"column":null}},{"start":{"line":160,"column":11},"end":{"line":165,"column":null}}]},"13":{"loc":{"start":{"line":177,"column":2},"end":{"line":181,"column":null}},"type":"if","locations":[{"start":{"line":177,"column":2},"end":{"line":181,"column":null}}]},"14":{"loc":{"start":{"line":192,"column":4},"end":{"line":201,"column":null}},"type":"if","locations":[{"start":{"line":192,"column":4},"end":{"line":201,"column":null}},{"start":{"line":196,"column":11},"end":{"line":201,"column":null}}]},"15":{"loc":{"start":{"line":214,"column":4},"end":{"line":222,"column":null}},"type":"if","locations":[{"start":{"line":214,"column":4},"end":{"line":222,"column":null}},{"start":{"line":218,"column":11},"end":{"line":222,"column":null}}]}},"s":{"0":1,"1":1,"2":1,"3":0,"4":0,"5":0,"6":0,"7":0,"8":0,"9":0,"10":1,"11":1,"12":1,"13":1,"14":1,"15":1,"16":1,"17":0,"18":1,"19":0,"20":1,"21":0,"22":1,"23":0,"24":1,"25":1,"26":0,"27":1,"28":1,"29":0,"30":1,"31":1,"32":0,"33":1,"34":1,"35":0,"36":0,"37":0,"38":0,"39":0,"40":0,"41":0,"42":0,"43":0,"44":0,"45":0,"46":1,"47":1,"48":0,"49":0,"50":0,"51":0,"52":0,"53":0,"54":0,"55":0,"56":1,"57":1,"58":0,"59":0,"60":0,"61":0,"62":0,"63":0,"64":0,"65":0,"66":0,"67":1,"68":1,"69":0,"70":0,"71":0,"72":0,"73":0,"74":0,"75":0,"76":0,"77":0,"78":1,"79":1,"80":0,"81":0,"82":0,"83":0,"84":0,"85":0,"86":0,"87":0,"88":0,"89":0,"90":0,"91":1,"92":1,"93":0,"94":0,"95":0,"96":0,"97":0,"98":0,"99":0,"100":0,"101":1,"102":1,"103":0,"104":0,"105":0,"106":0,"107":0,"108":1},"f":{"0":0,"1":0,"2":1,"3":1,"4":0,"5":0,"6":0,"7":0,"8":0,"9":0,"10":0,"11":0,"12":0,"13":0,"14":0,"15":0,"16":0,"17":0},"b":{"0":[0,0],"1":[0],"2":[0],"3":[0],"4":[0],"5":[0],"6":[0,1],"7":[0,0],"8":[0,0],"9":[0,0],"10":[0,0],"11":[0,0],"12":[0,0],"13":[0],"14":[0,0],"15":[0,0]}}
,"F:\\Mark\\Tests\\Helm\\SchedulingService\\src\\controllers\\user.ts": {"path":"F:\\Mark\\Tests\\Helm\\SchedulingService\\src\\controllers\\user.ts","statementMap":{"0":{"start":{"line":3,"column":0},"end":{"line":3,"column":33}},"1":{"start":{"line":5,"column":15},"end":{"line":20,"column":null}},"2":{"start":{"line":5,"column":68},"end":{"line":20,"column":null}},"3":{"start":{"line":6,"column":32},"end":{"line":6,"column":40}},"4":{"start":{"line":7,"column":22},"end":{"line":10,"column":4}},"5":{"start":{"line":12,"column":2},"end":{"line":19,"column":null}},"6":{"start":{"line":13,"column":27},"end":{"line":13,"column":44}},"7":{"start":{"line":14,"column":4},"end":{"line":14,"column":null}},"8":{"start":{"line":16,"column":4},"end":{"line":18,"column":null}},"9":{"start":{"line":107,"column":9},"end":{"line":107,"column":15}},"10":{"start":{"line":22,"column":16},"end":{"line":31,"column":null}},"11":{"start":{"line":22,"column":69},"end":{"line":31,"column":null}},"12":{"start":{"line":23,"column":2},"end":{"line":30,"column":null}},"13":{"start":{"line":24,"column":32},"end":{"line":24,"column":51}},"14":{"start":{"line":25,"column":4},"end":{"line":25,"column":null}},"15":{"start":{"line":27,"column":4},"end":{"line":29,"column":null}},"16":{"start":{"line":107,"column":17},"end":{"line":107,"column":24}},"17":{"start":{"line":34,"column":16},"end":{"line":48,"column":2}},"18":{"start":{"line":34,"column":69},"end":{"line":48,"column":2}},"19":{"start":{"line":35,"column":14},"end":{"line":35,"column":27}},"20":{"start":{"line":36,"column":2},"end":{"line":47,"column":null}},"21":{"start":{"line":37,"column":31},"end":{"line":37,"column":61}},"22":{"start":{"line":38,"column":4},"end":{"line":42,"column":null}},"23":{"start":{"line":39,"column":6},"end":{"line":39,"column":null}},"24":{"start":{"line":41,"column":6},"end":{"line":41,"column":null}},"25":{"start":{"line":44,"column":4},"end":{"line":46,"column":null}},"26":{"start":{"line":107,"column":26},"end":{"line":107,"column":33}},"27":{"start":{"line":51,"column":15},"end":{"line":70,"column":2}},"28":{"start":{"line":51,"column":68},"end":{"line":70,"column":2}},"29":{"start":{"line":52,"column":13},"end":{"line":52,"column":26}},"30":{"start":{"line":53,"column":2},"end":{"line":68,"column":null}},"31":{"start":{"line":54,"column":38},"end":{"line":54,"column":107}},"32":{"start":{"line":55,"column":4},"end":{"line":63,"column":null}},"33":{"start":{"line":56,"column":6},"end":{"line":58,"column":9}},"34":{"start":{"line":60,"column":6},"end":{"line":62,"column":null}},"35":{"start":{"line":65,"column":4},"end":{"line":67,"column":7}},"36":{"start":{"line":107,"column":35},"end":{"line":107,"column":41}},"37":{"start":{"line":73,"column":18},"end":{"line":91,"column":2}},"38":{"start":{"line":73,"column":71},"end":{"line":91,"column":2}},"39":{"start":{"line":74,"column":13},"end":{"line":74,"column":26}},"40":{"start":{"line":75,"column":2},"end":{"line":90,"column":null}},"41":{"start":{"line":76,"column":38},"end":{"line":76,"column":70}},"42":{"start":{"line":77,"column":4},"end":{"line":85,"column":null}},"43":{"start":{"line":78,"column":6},"end":{"line":80,"column":9}},"44":{"start":{"line":82,"column":6},"end":{"line":84,"column":null}},"45":{"start":{"line":87,"column":4},"end":{"line":89,"column":7}},"46":{"start":{"line":107,"column":43},"end":{"line":107,"column":52}},"47":{"start":{"line":94,"column":18},"end":{"line":105,"column":2}},"48":{"start":{"line":94,"column":71},"end":{"line":105,"column":2}},"49":{"start":{"line":95,"column":2},"end":{"line":104,"column":null}},"50":{"start":{"line":96,"column":30},"end":{"line":96,"column":55}},"51":{"start":{"line":97,"column":4},"end":{"line":99,"column":null}},"52":{"start":{"line":101,"column":4},"end":{"line":103,"column":7}},"53":{"start":{"line":107,"column":54},"end":{"line":107,"column":63}}},"fnMap":{"0":{"name":"(anonymous_8)","decl":{"start":{"line":5,"column":15},"end":{"line":5,"column":22}},"loc":{"start":{"line":5,"column":68},"end":{"line":20,"column":null}}},"1":{"name":"(anonymous_9)","decl":{"start":{"line":5,"column":68},"end":{"line":5,"column":null}},"loc":{"start":{"line":5,"column":68},"end":{"line":20,"column":1}}},"2":{"name":"(anonymous_10)","decl":{"start":{"line":22,"column":16},"end":{"line":22,"column":23}},"loc":{"start":{"line":22,"column":69},"end":{"line":31,"column":null}}},"3":{"name":"(anonymous_11)","decl":{"start":{"line":22,"column":69},"end":{"line":22,"column":null}},"loc":{"start":{"line":22,"column":69},"end":{"line":31,"column":1}}},"4":{"name":"(anonymous_12)","decl":{"start":{"line":34,"column":16},"end":{"line":34,"column":23}},"loc":{"start":{"line":34,"column":69},"end":{"line":48,"column":2}}},"5":{"name":"(anonymous_13)","decl":{"start":{"line":34,"column":69},"end":{"line":34,"column":null}},"loc":{"start":{"line":34,"column":69},"end":{"line":48,"column":1}}},"6":{"name":"(anonymous_14)","decl":{"start":{"line":51,"column":15},"end":{"line":51,"column":22}},"loc":{"start":{"line":51,"column":68},"end":{"line":70,"column":2}}},"7":{"name":"(anonymous_15)","decl":{"start":{"line":51,"column":68},"end":{"line":51,"column":null}},"loc":{"start":{"line":51,"column":68},"end":{"line":70,"column":1}}},"8":{"name":"(anonymous_16)","decl":{"start":{"line":73,"column":18},"end":{"line":73,"column":25}},"loc":{"start":{"line":73,"column":71},"end":{"line":91,"column":2}}},"9":{"name":"(anonymous_17)","decl":{"start":{"line":73,"column":71},"end":{"line":73,"column":null}},"loc":{"start":{"line":73,"column":71},"end":{"line":91,"column":1}}},"10":{"name":"(anonymous_18)","decl":{"start":{"line":94,"column":18},"end":{"line":94,"column":25}},"loc":{"start":{"line":94,"column":71},"end":{"line":105,"column":2}}},"11":{"name":"(anonymous_19)","decl":{"start":{"line":94,"column":71},"end":{"line":94,"column":null}},"loc":{"start":{"line":94,"column":71},"end":{"line":105,"column":1}}}},"branchMap":{"0":{"loc":{"start":{"line":17,"column":15},"end":{"line":17,"column":70}},"type":"binary-expr","locations":[{"start":{"line":17,"column":15},"end":{"line":17,"column":20}},{"start":{"line":17,"column":24},"end":{"line":17,"column":70}}]},"1":{"loc":{"start":{"line":28,"column":15},"end":{"line":28,"column":68}},"type":"binary-expr","locations":[{"start":{"line":28,"column":15},"end":{"line":28,"column":20}},{"start":{"line":28,"column":24},"end":{"line":28,"column":68}}]},"2":{"loc":{"start":{"line":38,"column":4},"end":{"line":42,"column":null}},"type":"if","locations":[{"start":{"line":38,"column":4},"end":{"line":42,"column":null}},{"start":{"line":40,"column":11},"end":{"line":42,"column":null}}]},"3":{"loc":{"start":{"line":55,"column":4},"end":{"line":63,"column":null}},"type":"if","locations":[{"start":{"line":55,"column":4},"end":{"line":63,"column":null}},{"start":{"line":59,"column":11},"end":{"line":63,"column":null}}]},"4":{"loc":{"start":{"line":77,"column":4},"end":{"line":85,"column":null}},"type":"if","locations":[{"start":{"line":77,"column":4},"end":{"line":85,"column":null}},{"start":{"line":81,"column":11},"end":{"line":85,"column":null}}]}},"s":{"0":1,"1":1,"2":0,"3":0,"4":0,"5":0,"6":0,"7":0,"8":0,"9":1,"10":1,"11":0,"12":0,"13":0,"14":0,"15":0,"16":1,"17":1,"18":0,"19":0,"20":0,"21":0,"22":0,"23":0,"24":0,"25":0,"26":1,"27":1,"28":0,"29":0,"30":0,"31":0,"32":0,"33":0,"34":0,"35":0,"36":1,"37":1,"38":0,"39":0,"40":0,"41":0,"42":0,"43":0,"44":0,"45":0,"46":1,"47":1,"48":0,"49":0,"50":0,"51":0,"52":0,"53":1},"f":{"0":0,"1":0,"2":0,"3":0,"4":0,"5":0,"6":0,"7":0,"8":0,"9":0,"10":0,"11":0},"b":{"0":[0,0],"1":[0,0],"2":[0,0],"3":[0,0],"4":[0,0]}}
,"F:\\Mark\\Tests\\Helm\\SchedulingService\\src\\models\\event.ts": {"path":"F:\\Mark\\Tests\\Helm\\SchedulingService\\src\\models\\event.ts","statementMap":{"0":{"start":{"line":1,"column":0},"end":{"line":1,"column":40}},"1":{"start":{"line":4,"column":28},"end":{"line":37,"column":null}},"2":{"start":{"line":40,"column":0},"end":{"line":40,"column":null}}},"fnMap":{},"branchMap":{},"s":{"0":1,"1":1,"2":1},"f":{},"b":{}}
,"F:\\Mark\\Tests\\Helm\\SchedulingService\\src\\models\\user.ts": {"path":"F:\\Mark\\Tests\\Helm\\SchedulingService\\src\\models\\user.ts","statementMap":{"0":{"start":{"line":1,"column":0},"end":{"line":1,"column":40}},"1":{"start":{"line":4,"column":27},"end":{"line":19,"column":null}},"2":{"start":{"line":22,"column":0},"end":{"line":22,"column":null}}},"fnMap":{},"branchMap":{},"s":{"0":1,"1":1,"2":1},"f":{},"b":{}}
,"F:\\Mark\\Tests\\Helm\\SchedulingService\\src\\routes\\event.ts": {"path":"F:\\Mark\\Tests\\Helm\\SchedulingService\\src\\routes\\event.ts","statementMap":{"0":{"start":{"line":1,"column":0},"end":{"line":1,"column":32}},"1":{"start":{"line":2,"column":0},"end":{"line":2,"column":null}},"2":{"start":{"line":14,"column":23},"end":{"line":14,"column":31}},"3":{"start":{"line":15,"column":0},"end":{"line":15,"column":null}},"4":{"start":{"line":16,"column":0},"end":{"line":16,"column":null}},"5":{"start":{"line":17,"column":0},"end":{"line":17,"column":null}},"6":{"start":{"line":18,"column":0},"end":{"line":18,"column":null}},"7":{"start":{"line":19,"column":0},"end":{"line":19,"column":null}},"8":{"start":{"line":20,"column":0},"end":{"line":20,"column":null}},"9":{"start":{"line":21,"column":0},"end":{"line":21,"column":null}},"10":{"start":{"line":22,"column":0},"end":{"line":22,"column":null}},"11":{"start":{"line":23,"column":0},"end":{"line":23,"column":null}},"12":{"start":{"line":25,"column":0},"end":{"line":25,"column":null}}},"fnMap":{},"branchMap":{},"s":{"0":1,"1":1,"2":1,"3":1,"4":1,"5":1,"6":1,"7":1,"8":1,"9":1,"10":1,"11":1,"12":1},"f":{},"b":{}}
,"F:\\Mark\\Tests\\Helm\\SchedulingService\\src\\routes\\user.ts": {"path":"F:\\Mark\\Tests\\Helm\\SchedulingService\\src\\routes\\user.ts","statementMap":{"0":{"start":{"line":1,"column":0},"end":{"line":1,"column":32}},"1":{"start":{"line":2,"column":0},"end":{"line":2,"column":92}},"2":{"start":{"line":4,"column":23},"end":{"line":4,"column":31}},"3":{"start":{"line":5,"column":0},"end":{"line":5,"column":null}},"4":{"start":{"line":6,"column":0},"end":{"line":6,"column":null}},"5":{"start":{"line":7,"column":0},"end":{"line":7,"column":null}},"6":{"start":{"line":8,"column":0},"end":{"line":8,"column":null}},"7":{"start":{"line":9,"column":0},"end":{"line":9,"column":null}},"8":{"start":{"line":10,"column":0},"end":{"line":10,"column":null}},"9":{"start":{"line":12,"column":0},"end":{"line":12,"column":null}}},"fnMap":{},"branchMap":{},"s":{"0":1,"1":1,"2":1,"3":1,"4":1,"5":1,"6":1,"7":1,"8":1,"9":1},"f":{},"b":{}}
}
